{
  "RSpec": {
    "coverage": {
      "/media/bola/BolahSD/WORKSPACE/WebProjects/microverse-student/enumerable-methods/spec/enumerable_spec.rb": [
        null,
        null,
        1,
        null,
        1,
        1,
        1,
        5,
        null,
        null,
        1,
        1,
        null,
        null,
        null,
        1,
        1,
        1,
        1,
        4,
        null,
        1,
        null,
        null,
        1,
        1,
        null,
        null,
        null,
        1,
        1,
        1,
        1,
        1,
        null,
        null,
        1,
        1,
        null,
        null,
        null,
        1,
        1,
        6,
        6,
        null,
        null,
        1,
        1,
        1,
        1,
        null,
        null,
        null,
        1,
        1,
        1,
        1,
        null,
        null,
        null,
        1,
        1,
        1,
        1,
        null,
        null,
        null,
        1,
        1,
        1,
        1,
        null,
        null,
        null,
        null,
        1,
        1,
        2,
        6,
        null,
        null,
        1,
        1,
        1,
        1,
        null,
        null,
        null,
        1,
        1,
        1,
        1,
        null,
        null,
        null,
        1,
        1,
        1,
        1,
        null,
        null,
        null,
        1,
        1,
        1,
        1,
        null,
        null,
        null,
        null,
        1,
        1,
        6,
        2,
        null,
        null,
        1,
        1,
        1,
        1,
        null,
        null,
        null,
        1,
        1,
        1,
        1,
        null,
        null,
        null,
        1,
        1,
        1,
        1,
        null,
        null,
        null,
        1,
        1,
        1,
        1,
        null,
        null,
        null,
        null,
        1,
        1,
        1,
        1,
        null,
        null,
        1,
        1,
        1,
        1,
        null,
        null,
        null,
        1,
        1,
        1,
        1,
        null,
        null,
        null,
        null,
        1,
        1,
        1,
        6,
        1,
        null,
        null,
        1,
        1,
        null,
        null,
        null,
        1,
        1,
        6,
        1,
        7,
        1,
        2,
        null,
        1,
        null,
        null,
        1,
        1,
        1,
        1,
        null,
        null,
        null,
        null,
        1,
        1,
        1,
        1,
        null,
        null,
        null
      ],
      "/media/bola/BolahSD/WORKSPACE/WebProjects/microverse-student/enumerable-methods/lib/enumerable.rb": [
        null,
        null,
        null,
        1,
        1,
        43,
        null,
        42,
        152,
        null,
        null,
        null,
        1,
        2,
        null,
        1,
        1,
        4,
        4,
        null,
        null,
        null,
        1,
        2,
        null,
        1,
        7,
        1,
        null,
        null,
        1,
        10,
        12,
        8,
        7,
        6,
        7,
        4,
        10,
        null,
        7,
        null,
        5,
        null,
        null,
        1,
        10,
        8,
        8,
        9,
        6,
        7,
        4,
        9,
        null,
        9,
        null,
        5,
        null,
        null,
        1,
        10,
        8,
        8,
        8,
        6,
        8,
        4,
        9,
        null,
        9,
        null,
        5,
        null,
        null,
        1,
        3,
        3,
        5,
        2,
        5,
        null,
        5,
        null,
        3,
        null,
        null,
        1,
        2,
        null,
        1,
        6,
        1,
        null,
        null,
        1,
        6,
        6,
        3,
        3,
        1,
        2,
        1,
        null,
        1,
        null,
        null,
        6,
        2,
        null,
        21,
        null,
        6,
        null,
        null,
        1,
        13,
        2,
        null,
        null,
        null,
        1,
        5,
        null
      ]
    },
    "timestamp": 1567649662
  }
}
