{
  "RSpec": {
    "coverage": {
      "/media/bolaah/BolahSD/WORKSPACE/WebProjects/microverse-student/enumerable-methods/spec/enumerable_spec.rb": [
        1,
        null,
        1,
        1,
        1,
        5,
        null,
        null,
        1,
        1,
        null,
        null,
        null,
        1,
        1,
        1,
        1,
        4,
        null,
        1,
        null,
        null,
        1,
        1,
        null,
        null,
        null,
        1,
        1,
        1,
        1,
        1,
        null,
        null,
        1,
        1,
        null,
        null,
        null,
        1,
        1,
        1,
        1,
        5,
        1,
        null,
        null,
        1,
        6,
        null,
        null,
        1,
        1,
        1,
        null,
        null,
        null,
        null,
        1,
        1,
        2,
        null,
        null,
        1,
        1,
        1,
        null,
        null,
        null,
        1,
        1,
        1,
        null,
        null,
        null,
        1,
        1,
        1,
        null,
        null,
        null,
        null,
        1,
        1,
        6,
        null,
        null,
        1,
        1,
        1,
        null,
        null,
        null,
        1,
        1,
        1,
        null,
        null,
        null,
        1,
        1,
        1,
        null,
        null,
        null,
        null,
        1,
        1,
        1,
        1,
        null,
        null,
        1,
        1,
        1,
        1,
        null,
        null,
        null,
        1,
        1,
        1,
        1,
        null,
        null,
        null,
        null,
        1,
        1,
        1,
        6,
        1,
        null,
        null,
        1,
        1,
        null,
        null,
        null,
        1,
        1,
        6,
        1,
        null,
        null,
        null,
        1,
        1,
        1,
        1,
        null,
        null,
        null
      ],
      "/media/bolaah/BolahSD/WORKSPACE/WebProjects/microverse-student/enumerable-methods/enumerable.rb": [
        null,
        1,
        null,
        1,
        22,
        null,
        21,
        86,
        null,
        null,
        null,
        1,
        2,
        null,
        1,
        1,
        4,
        4,
        null,
        null,
        null,
        null,
        1,
        2,
        null,
        1,
        7,
        1,
        null,
        null,
        1,
        12,
        16,
        null,
        3,
        null,
        null,
        null,
        null,
        1,
        4,
        2,
        3,
        4,
        2,
        5,
        1,
        4,
        null,
        1,
        null,
        null,
        1,
        4,
        6,
        3,
        5,
        2,
        5,
        1,
        5,
        null,
        4,
        null,
        null,
        null,
        null,
        1,
        3,
        3,
        5,
        2,
        5,
        null,
        5,
        null,
        3,
        null,
        null,
        1,
        2,
        null,
        1,
        6,
        1,
        null,
        null,
        1,
        2,
        2,
        11,
        2,
        null,
        null,
        null,
        1,
        5,
        null
      ]
    },
    "timestamp": 1557366053
  }
}
